<?xml version="1.0" encoding="UTF-8"?>
<testsuite name="HarnessHistoricalCompletionReplayTest[jvm]" tests="1" skipped="0" failures="0" errors="0" timestamp="2026-09-07T17:02:03.820Z" hostname="BUREAU" time="0.017">
  <properties/>
  <testcase name="reclassify archived final responses without changing evidence or invoking a model[jvm]" classname="dev.promethe.core.HarnessHistoricalCompletionReplayTest" time="0.017"/>
  <system-out><![CDATA[]]></system-out>
  <system-err><![CDATA[]]></system-err>
</testsuite>
