<?xml version="1.0" encoding="UTF-8"?>
<testsuite name="KoogRelayBudgetTest[jvm]" tests="2" skipped="0" failures="0" errors="0" timestamp="2026-09-07T19:45:14.614Z" hostname="BUREAU" time="0.107">
  <properties/>
  <testcase name="exhausted shared budget never calls upstream[jvm]" classname="dev.promethe.core.KoogRelayBudgetTest" time="0.06"/>
  <testcase name="HTTP retry is denied and ambiguous usage keeps its reservation[jvm]" classname="dev.promethe.core.KoogRelayBudgetTest" time="0.046"/>
  <system-out><![CDATA[]]></system-out>
  <system-err><![CDATA[]]></system-err>
</testsuite>
