<?xml version="1.0" encoding="UTF-8"?>
<testsuite name="KoogProtocolRelayTest[jvm]" tests="2" skipped="0" failures="0" errors="0" timestamp="2026-09-07T17:51:50.910Z" hostname="BUREAU" time="0.667">
  <properties/>
  <testcase name="same adapter without formal tools uses JSON text[jvm]" classname="dev.promethe.core.KoogProtocolRelayTest" time="0.356"/>
  <testcase name="real Koog serializes none bounded Responses and preserves native tool results[jvm]" classname="dev.promethe.core.KoogProtocolRelayTest" time="0.311"/>
  <system-out><![CDATA[]]></system-out>
  <system-err><![CDATA[sept. 07, 2026 1:51:51 P.M. io.opentelemetry.exporter.logging.LoggingSpanExporter export
INFOS: 'gen_ai.chat' : f7cc1f8cf8fd6cfd78ce858e0b383d6f 9a161dbc7ff6e81e INTERNAL [tracer: dev.promethe:] AttributesMap{data={gen_ai.system=openai, gen_ai.request.temperature=0.2, gen_ai.usage.completion_tokens=5, gen_ai.usage.cost=1.5000000000000002E-5, gen_ai.request.model=gpt-5.6-terra, gen_ai.request.message_count=1, gen_ai.response.model=gpt-5.6-terra, promethe.run.id=run-mtrjfasm-c35a710fb5119a9539032837, promethe.step.id=run-mtrjfasm-c35a710fb5119a9539032837-step-0001, gen_ai.usage.prompt_tokens=10}, capacity=128, totalAddedValues=10}
sept. 07, 2026 1:51:51 P.M. io.opentelemetry.exporter.logging.LoggingSpanExporter export
INFOS: 'agent.llm_call' : f7cc1f8cf8fd6cfd78ce858e0b383d6f a1f82363ca98be0d INTERNAL [tracer: dev.promethe:] AttributesMap{data={agent.tool_count=1, agent.model=gpt-5.6-terra, agent.provider=openai, agent.history_size=1}, capacity=128, totalAddedValues=4}
sept. 07, 2026 1:51:51 P.M. io.opentelemetry.exporter.logging.LoggingSpanExporter export
INFOS: 'agent.tool.execute' : f7cc1f8cf8fd6cfd78ce858e0b383d6f 523648b38998baa0 INTERNAL [tracer: dev.promethe:] AttributesMap{data={tool.name=json_query, tool.success=true, policy.version=promethe-policy-1, tool.result.length=13, tool.origin=AGENT, promethe.run.id=run-mtrjfasm-c35a710fb5119a9539032837, promethe.step.id=run-mtrjfasm-c35a710fb5119a9539032837-step-0001, tool.risk=READ, tool.args_keys=page, policy.effect=ALLOW}, capacity=128, totalAddedValues=10}
sept. 07, 2026 1:51:51 P.M. io.opentelemetry.exporter.logging.LoggingSpanExporter export
INFOS: 'gen_ai.chat' : f7cc1f8cf8fd6cfd78ce858e0b383d6f 0fbf0b7fa22a4e21 INTERNAL [tracer: dev.promethe:] AttributesMap{data={gen_ai.system=openai, gen_ai.request.temperature=0.2, gen_ai.usage.completion_tokens=5, gen_ai.usage.cost=1.5000000000000002E-5, gen_ai.request.model=gpt-5.6-terra, gen_ai.request.message_count=3, gen_ai.response.model=gpt-5.6-terra, promethe.run.id=run-mtrjfasm-c35a710fb5119a9539032837, promethe.step.id=run-mtrjfasm-c35a710fb5119a9539032837-step-0002, gen_ai.usage.prompt_tokens=10}, capacity=128, totalAddedValues=10}
sept. 07, 2026 1:51:51 P.M. io.opentelemetry.exporter.logging.LoggingSpanExporter export
INFOS: 'agent.llm_call' : f7cc1f8cf8fd6cfd78ce858e0b383d6f 383601a216cbe633 INTERNAL [tracer: dev.promethe:] AttributesMap{data={agent.tool_count=1, agent.model=gpt-5.6-terra, agent.provider=openai, agent.history_size=3}, capacity=128, totalAddedValues=4}
sept. 07, 2026 1:51:51 P.M. io.opentelemetry.exporter.logging.LoggingSpanExporter export
INFOS: 'agent.tool.execute' : f7cc1f8cf8fd6cfd78ce858e0b383d6f 1fce86f24da99651 INTERNAL [tracer: dev.promethe:] AttributesMap{data={tool.name=json_query, tool.success=true, policy.version=promethe-policy-1, tool.result.length=13, tool.origin=AGENT, promethe.run.id=run-mtrjfasm-c35a710fb5119a9539032837, promethe.step.id=run-mtrjfasm-c35a710fb5119a9539032837-step-0002, tool.risk=READ, tool.args_keys=page, policy.effect=ALLOW}, capacity=128, totalAddedValues=10}
sept. 07, 2026 1:51:51 P.M. io.opentelemetry.exporter.logging.LoggingSpanExporter export
INFOS: 'gen_ai.chat' : f7cc1f8cf8fd6cfd78ce858e0b383d6f 0264d17a5924dc78 INTERNAL [tracer: dev.promethe:] AttributesMap{data={gen_ai.system=openai, gen_ai.request.temperature=0.2, gen_ai.usage.completion_tokens=5, gen_ai.usage.cost=1.5000000000000002E-5, gen_ai.request.model=gpt-5.6-terra, gen_ai.request.message_count=5, gen_ai.response.model=gpt-5.6-terra, promethe.run.id=run-mtrjfasm-c35a710fb5119a9539032837, promethe.step.id=run-mtrjfasm-c35a710fb5119a9539032837-step-0003, gen_ai.usage.prompt_tokens=10}, capacity=128, totalAddedValues=10}
sept. 07, 2026 1:51:51 P.M. io.opentelemetry.exporter.logging.LoggingSpanExporter export
INFOS: 'agent.llm_call' : f7cc1f8cf8fd6cfd78ce858e0b383d6f d319ae35e6c1b988 INTERNAL [tracer: dev.promethe:] AttributesMap{data={agent.tool_count=1, agent.model=gpt-5.6-terra, agent.provider=openai, agent.history_size=5}, capacity=128, totalAddedValues=4}
sept. 07, 2026 1:51:51 P.M. io.opentelemetry.exporter.logging.LoggingSpanExporter export
INFOS: 'agent.run' : f7cc1f8cf8fd6cfd78ce858e0b383d6f 0c86e83bc08d1ddb INTERNAL [tracer: dev.promethe:] AttributesMap{data={agent.origin=INTERNAL, promethe.run.id=run-mtrjfasm-c35a710fb5119a9539032837}, capacity=128, totalAddedValues=2}
sept. 07, 2026 1:51:51 P.M. io.opentelemetry.exporter.logging.LoggingSpanExporter export
INFOS: 'gen_ai.chat' : bf6f17ddd8dfbb099e0357e6046f1d01 360590b44f00792f INTERNAL [tracer: dev.promethe:] AttributesMap{data={gen_ai.system=openai, gen_ai.request.temperature=0.2, gen_ai.usage.completion_tokens=5, gen_ai.usage.cost=1.5000000000000002E-5, gen_ai.request.model=gpt-5.6-terra, gen_ai.request.message_count=1, gen_ai.response.model=gpt-5.6-terra, promethe.run.id=run-mtrjfb1w-322fcb50ea9eeb397adb03e8, promethe.step.id=run-mtrjfb1w-322fcb50ea9eeb397adb03e8-step-0001, gen_ai.usage.prompt_tokens=10}, capacity=128, totalAddedValues=10}
sept. 07, 2026 1:51:51 P.M. io.opentelemetry.exporter.logging.LoggingSpanExporter export
INFOS: 'agent.llm_call' : bf6f17ddd8dfbb099e0357e6046f1d01 0cd53e89492ef462 INTERNAL [tracer: dev.promethe:] AttributesMap{data={agent.tool_count=1, agent.model=gpt-5.6-terra, agent.provider=openai, agent.history_size=1}, capacity=128, totalAddedValues=4}
sept. 07, 2026 1:51:51 P.M. io.opentelemetry.exporter.logging.LoggingSpanExporter export
INFOS: 'agent.tool.execute' : bf6f17ddd8dfbb099e0357e6046f1d01 52362a1457b33e14 INTERNAL [tracer: dev.promethe:] AttributesMap{data={tool.name=json_query, tool.success=true, policy.version=promethe-policy-1, tool.result.length=13, tool.origin=AGENT, promethe.run.id=run-mtrjfb1w-322fcb50ea9eeb397adb03e8, promethe.step.id=run-mtrjfb1w-322fcb50ea9eeb397adb03e8-step-0001, tool.risk=READ, tool.args_keys=page, policy.effect=ALLOW}, capacity=128, totalAddedValues=10}
sept. 07, 2026 1:51:51 P.M. io.opentelemetry.exporter.logging.LoggingSpanExporter export
INFOS: 'gen_ai.chat' : bf6f17ddd8dfbb099e0357e6046f1d01 3e8186219dddd5a5 INTERNAL [tracer: dev.promethe:] AttributesMap{data={gen_ai.system=openai, gen_ai.request.temperature=0.2, gen_ai.usage.completion_tokens=5, gen_ai.usage.cost=1.5000000000000002E-5, gen_ai.request.model=gpt-5.6-terra, gen_ai.request.message_count=1, gen_ai.response.model=gpt-5.6-terra, promethe.run.id=run-mtrjfb1w-322fcb50ea9eeb397adb03e8, promethe.step.id=run-mtrjfb1w-322fcb50ea9eeb397adb03e8-step-0002, gen_ai.usage.prompt_tokens=10}, capacity=128, totalAddedValues=10}
sept. 07, 2026 1:51:51 P.M. io.opentelemetry.exporter.logging.LoggingSpanExporter export
INFOS: 'agent.llm_call' : bf6f17ddd8dfbb099e0357e6046f1d01 8e1fe50d17960185 INTERNAL [tracer: dev.promethe:] AttributesMap{data={agent.tool_count=1, agent.model=gpt-5.6-terra, agent.provider=openai, agent.history_size=1}, capacity=128, totalAddedValues=4}
sept. 07, 2026 1:51:51 P.M. io.opentelemetry.exporter.logging.LoggingSpanExporter export
INFOS: 'agent.tool.execute' : bf6f17ddd8dfbb099e0357e6046f1d01 fb4e05d2c48b3786 INTERNAL [tracer: dev.promethe:] AttributesMap{data={tool.name=json_query, tool.success=true, policy.version=promethe-policy-1, tool.result.length=13, tool.origin=AGENT, promethe.run.id=run-mtrjfb1w-322fcb50ea9eeb397adb03e8, promethe.step.id=run-mtrjfb1w-322fcb50ea9eeb397adb03e8-step-0002, tool.risk=READ, tool.args_keys=page, policy.effect=ALLOW}, capacity=128, totalAddedValues=10}
sept. 07, 2026 1:51:51 P.M. io.opentelemetry.exporter.logging.LoggingSpanExporter export
INFOS: 'gen_ai.chat' : bf6f17ddd8dfbb099e0357e6046f1d01 ccf312eda6770703 INTERNAL [tracer: dev.promethe:] AttributesMap{data={gen_ai.system=openai, gen_ai.request.temperature=0.2, gen_ai.usage.completion_tokens=5, gen_ai.usage.cost=1.5000000000000002E-5, gen_ai.request.model=gpt-5.6-terra, gen_ai.request.message_count=2, gen_ai.response.model=gpt-5.6-terra, promethe.run.id=run-mtrjfb1w-322fcb50ea9eeb397adb03e8, promethe.step.id=run-mtrjfb1w-322fcb50ea9eeb397adb03e8-step-0003, gen_ai.usage.prompt_tokens=10}, capacity=128, totalAddedValues=10}
sept. 07, 2026 1:51:51 P.M. io.opentelemetry.exporter.logging.LoggingSpanExporter export
INFOS: 'agent.llm_call' : bf6f17ddd8dfbb099e0357e6046f1d01 0e6d1e484b3eeea3 INTERNAL [tracer: dev.promethe:] AttributesMap{data={agent.tool_count=1, agent.model=gpt-5.6-terra, agent.provider=openai, agent.history_size=2}, capacity=128, totalAddedValues=4}
sept. 07, 2026 1:51:51 P.M. io.opentelemetry.exporter.logging.LoggingSpanExporter export
INFOS: 'agent.run' : bf6f17ddd8dfbb099e0357e6046f1d01 b1a1949850377984 INTERNAL [tracer: dev.promethe:] AttributesMap{data={agent.origin=INTERNAL, promethe.run.id=run-mtrjfb1w-322fcb50ea9eeb397adb03e8}, capacity=128, totalAddedValues=2}
]]></system-err>
</testsuite>
