<?xml version="1.0" encoding="UTF-8"?>
<testsuite name="KoogRelayBudgetTest[jvm]" tests="2" skipped="0" failures="0" errors="0" timestamp="2026-09-07T17:51:51.578Z" hostname="BUREAU" time="0.099">
  <properties/>
  <testcase name="exhausted shared budget never calls upstream[jvm]" classname="dev.promethe.core.KoogRelayBudgetTest" time="0.056"/>
  <testcase name="HTTP retry is denied and ambiguous usage keeps its reservation[jvm]" classname="dev.promethe.core.KoogRelayBudgetTest" time="0.043"/>
  <system-out><![CDATA[]]></system-out>
  <system-err><![CDATA[]]></system-err>
</testsuite>
